[debug] [2021-06-07T19:39:47.769Z] ----------------------------------------------------------------------
[debug] [2021-06-07T19:39:47.772Z] Command:       C:\Program Files (x86)\nodejs\node.exe C:\Users\Lubna\AppData\Roaming\npm\node_modules\firebase-tools\lib\bin\firebase.js init
[debug] [2021-06-07T19:39:47.773Z] CLI Version:   9.12.1
[debug] [2021-06-07T19:39:47.773Z] Platform:      win32
[debug] [2021-06-07T19:39:47.773Z] Node Version:  v12.16.1
[debug] [2021-06-07T19:39:47.774Z] Time:          Tue Jun 08 2021 01:39:47 GMT+0600 (Bangladesh Standard Time)
[debug] [2021-06-07T19:39:47.774Z] ----------------------------------------------------------------------
[debug] 
[debug] [2021-06-07T19:39:47.785Z] > command requires scopes: ["email","openid","https://www.googleapis.com/auth/cloudplatformprojects.readonly","https://www.googleapis.com/auth/firebase","https://www.googleapis.com/auth/cloud-platform"]
[debug] [2021-06-07T19:39:47.785Z] > authorizing via signed-in user (lubnasazida@gmail.com)
[info] 
     ######## #### ########  ######## ########     ###     ######  ########
     ##        ##  ##     ## ##       ##     ##  ##   ##  ##       ##
     ######    ##  ########  ######   ########  #########  ######  ######
     ##        ##  ##    ##  ##       ##     ## ##     ##       ## ##
     ##       #### ##     ## ######## ########  ##     ##  ######  ########

You're about to initialize a Firebase project in this directory:

  F:\WEB-DEVELOPMENT\SCIC\Job project\kids-galaxy

[info] 
=== Project Setup
[info] 
[info] First, let's associate this project directory with a Firebase project.
[info] You can create multiple project aliases by running firebase use --add, 
[info] but for now we'll just set up a default project.
[info] 
[debug] [2021-06-07T19:40:01.913Z] > refreshing access token with scopes: []
[debug] [2021-06-07T19:40:01.914Z] >>> HTTP REQUEST POST https://www.googleapis.com/oauth2/v3/token  
 <request body omitted>
[debug] [2021-06-07T19:40:02.216Z] <<< HTTP RESPONSE 200 {"pragma":"no-cache","cache-control":"no-cache, no-store, max-age=0, must-revalidate","expires":"Mon, 01 Jan 1990 00:00:00 GMT","date":"Mon, 07 Jun 2021 19:40:03 GMT","content-type":"application/json; charset=utf-8","vary":"X-Origin, Referer, Origin,Accept-Encoding","server":"scaffolding on HTTPServer2","x-xss-protection":"0","x-frame-options":"SAMEORIGIN","x-content-type-options":"nosniff","alt-svc":"h3-29=\":443\"; ma=2592000,h3-T051=\":443\"; ma=2592000,h3-Q050=\":443\"; ma=2592000,h3-Q046=\":443\"; ma=2592000,h3-Q043=\":443\"; ma=2592000,quic=\":443\"; ma=2592000; v=\"46,43\"","accept-ranges":"none","transfer-encoding":"chunked"}
[debug] [2021-06-07T19:40:02.251Z] >>> [apiv2][query] GET https://firebase.googleapis.com/v1beta1/projects pageSize=100
[debug] [2021-06-07T19:40:03.121Z] <<< [apiv2][status] GET https://firebase.googleapis.com/v1beta1/projects 200
[debug] [2021-06-07T19:40:03.122Z] <<< [apiv2][body] GET https://firebase.googleapis.com/v1beta1/projects [omitted]
